<?xml version="1.0" encoding="UTF-8"?>
<testsuite name="Tests" tests="1" skipped="0" failures="0" errors="0" timestamp="2023-03-19T07:15:27" hostname="C11124" time="0.122">
  <properties/>
  <testcase name="start" classname="Tests" time="0.122"/>
  <system-out><![CDATA[?[1;31m
Start test 1?[0m
?[0;34mByte array: [0, 1, -29, 15, 10, 10, 0]
?[1;31m
Start test 2?[0m
?[0;34mByte array: [0, 1, -97, 16, 12, 30, 0]
]]></system-out>
  <system-err><![CDATA[]]></system-err>
</testsuite>
